Arguments: 
  /usr/local/bin/node /usr/local/bin/yarn add babel-node

PATH: 
  /Users/achrafdahmani/google-cloud-sdk/bin:/usr/local/bin:/usr/bin:/bin:/usr/sbin:/sbin

Yarn version: 
  0.27.5

Node version: 
  9.10.0

Platform: 
  darwin x64

npm manifest: 
  {
    "name": "verbling-i18n",
    "main": "./lib/verbling-i18n",
    "version": "3.2.0",
    "description": "Atom plugin that converts strings & html texts into I18n objects compatible with Verbling's I18n files",
    "keywords": [],
    "activationCommands": {
      "atom-workspace": "verbling-i18n:toggle"
    },
    "repository": "https://github.com/adahmani/Verbling-i18n",
    "license": "MIT",
    "engines": {
      "atom": ">=1.0.0 <2.0.0"
    },
    "dependencies": {
      "fs": "0.0.1-security",
      "react": "^16.2.0",
      "react-custom-scrollbars": "^4.2.1",
      "react-dom": "^16.2.0",
      "season": "^6.0.2"
    },
    "devDependencies": {
      "electron-devtools-installer": "^2.2.3"
    }
  }

yarn manifest: 
  No manifest

Lockfile: 
  No lockfile

Trace: 
  Error: EACCES: permission denied, unlink '/Users/achrafdahmani/github/verbling-i18n/node_modules/.bin/7z'
